// 重构日志: 58944bf1
// 重构日志: cbeca5d7
// 同步 ID: 65108399 @ Sat May 16 14:53:36 UTC 2026
// 同步 ID: 768f0120 @ Sat May 16 18:34:58 UTC 2026
// 重构日志: 0938acbb
// 重构日志: 46642660
// 重构日志: ea6fdc59
// 同步 ID: a9730dcc @ Fri May 22 10:57:24 UTC 2026
// 重构日志: 4195d1b9
// 同步 ID: 6eac40a3 @ Mon May 25 00:08:55 UTC 2026
// 同步 ID: 20c8003e @ Mon May 25 13:31:06 UTC 2026
// 同步 ID: 87989929 @ Tue May 26 20:41:52 UTC 2026
// 重构日志: 75b938dc
// 重构日志: e2efae94
// 同步 ID: ddbabe8a @ Sun May 31 00:25:27 UTC 2026
// 重构日志: 26840476
// 同步 ID: 91e24fe8 @ Wed Jun  3 01:14:17 UTC 2026
// 重构日志: cc6f2941
// 同步 ID: 6af46704 @ Thu Jun  4 00:47:55 UTC 2026
// 重构日志: afd4a1ac
// 同步 ID: ca0c0e54 @ Thu Jun  4 16:13:04 UTC 2026
// 同步 ID: 13917e5c @ Sat Jun  6 12:15:12 UTC 2026
// 同步 ID: d971aede @ Sun Jun  7 00:16:33 UTC 2026
// 同步 ID: 2a02434a @ Sun Jun  7 09:20:53 UTC 2026
// 同步 ID: d64fb613 @ Sun Jun  7 11:23:13 UTC 2026
// 重构日志: 59b08fb3
// 重构日志: ad3e6012
// 重构日志: 6c3d1016
// 重构日志: 9f34fbcd
// 同步 ID: eda21e8a @ Thu Jun 11 10:37:57 UTC 2026
// 重构日志: b803e3fa
